<?xml version="1.0" encoding="UTF-8"?>
<!-- Generated by org.testng.reporters.JUnitReportReporter -->
<testsuite hostname="Bibaswan" failures="0" tests="1" name="tests.HandsOnTest" time="26.710" errors="0" timestamp="2024-09-29T10:57:22 IST" skipped="0">
  <testcase classname="tests.HandsOnTest" name="test" time="26.710"/>
</testsuite> <!-- tests.HandsOnTest -->
