<?xml version="1.0" encoding="UTF-8"?>
<!-- Generated by org.testng.reporters.JUnitReportReporter -->
<testsuite hostname="Bibaswan" failures="0" tests="1" name="tests.HandsOn" time="30.324" errors="0" timestamp="2024-09-29T09:22:46 IST" skipped="0">
  <testcase classname="tests.HandsOn" name="test" time="30.324"/>
</testsuite> <!-- tests.HandsOn -->
